2018-05-07 11:40:42,542 INFO main [com.lzk.drivers.SeleniumDriver]info(line:33)文本框By.name: wd输入selenium
2018-05-07 11:40:42,632 INFO main [com.lzk.drivers.SeleniumDriver]info(line:33)点击：By.id: su
2018-05-07 13:47:06,537 INFO main [com.lzk.tools.TestRandom]info(line:33)89083
2018-05-07 14:20:54,192 INFO main [com.lzk.tools.TestRandom]info(line:33)1750
2018-05-07 14:21:01,797 INFO main [com.lzk.tools.TestRandom]info(line:33)1100
2018-05-07 15:50:01,813 INFO main [com.lzk.tools.TestRandom]info(line:33)d6zn2Q071n
2018-05-07 15:59:53,912 INFO main [com.lzk.tools.DateFormate]info(line:33)当前时间为：18-5-7 下午3:59
2018-05-07 16:00:41,779 INFO main [com.lzk.tools.DateFormate]info(line:33)当前时间为：18-5-7 下午4:00
2018-05-07 16:02:34,807 INFO main [com.lzk.tools.DateFormate]info(line:33)当前时间为：18-5-7 下午4:02
2018-05-07 16:02:44,567 INFO main [com.lzk.tools.DateFormate]info(line:33)当前时间为：18-5-7 下午4:02
2018-05-07 16:03:12,021 INFO main [com.lzk.tools.DateFormate]info(line:33)当前时间为：18-5-7 下午4:03
2018-05-07 16:04:46,662 INFO main [com.lzk.tools.DateFormate]info(line:33)当前时间为：18-5-7 下午4:04
2018-05-07 16:05:52,178 INFO main [com.lzk.tools.DateFormate]info(line:33)当前时间为：18-5-7 下午4:05
2018-05-07 16:10:25,811 INFO main [com.lzk.tools.DateFormate]info(line:33)当前时间为：18-5-7 下午4:10
2018-05-07 16:11:01,230 INFO main [com.lzk.tools.DateFormate]info(line:33)当前时间为：20180507
2018-05-07 16:11:16,237 INFO main [com.lzk.tools.DateFormate]info(line:33)当前时间为：2018年05月07日 16:11:16
2018-05-07 16:11:58,534 INFO main [com.lzk.tools.DateFormate]info(line:33)当前时间为：2018年05月07日 16:11:58
2018-05-07 16:11:58,537 INFO main [com.lzk.tools.DateFormate]info(line:33)11位的随机数为：15256807185
2018-05-07 18:03:43,437 WARN main [com.lzk.tools.ExcelUtil]warn(line:39)文件格式必须为xls格式
2018-05-08 09:18:44,468 INFO main [com.lzk.tools.ExcelTest]info(line:33)zhangsan
2018-05-08 09:18:44,473 INFO main [com.lzk.tools.ExcelTest]info(line:33)qqqq
2018-05-08 09:18:44,474 INFO main [com.lzk.tools.ExcelTest]info(line:33)lisi
2018-05-08 09:18:44,474 INFO main [com.lzk.tools.ExcelTest]info(line:33)wwww
2018-05-08 09:58:37,788 INFO main [com.lzk.tools.Execl2Test]info(line:33)zhangsan
2018-05-08 09:58:37,793 INFO main [com.lzk.tools.Execl2Test]info(line:33)lisi
2018-05-08 09:59:38,652 INFO main [com.lzk.tools.Execl2Test]info(line:33)zhangsan
2018-05-08 09:59:38,657 INFO main [com.lzk.tools.Execl2Test]info(line:33)lisi
2018-05-08 09:59:38,658 INFO main [com.lzk.tools.Execl2Test]info(line:33)123.0
2018-05-08 09:59:38,659 INFO main [com.lzk.tools.Execl2Test]info(line:33)411.0
2018-05-08 09:59:38,659 INFO main [com.lzk.tools.Execl2Test]info(line:33)啊的萨芬大幅
2018-05-08 09:59:38,660 INFO main [com.lzk.tools.Execl2Test]info(line:33)请问
2018-05-08 11:14:15,392 INFO main [com.lzk.tools.ScreenShotTest]info(line:33)当前时间为：20180508
2018-05-08 11:14:15,394 INFO main [com.lzk.tools.ScreenShotTest]info(line:33)new folder successful
2018-05-08 11:14:15,394 INFO main [com.lzk.tools.ScreenShotTest]info(line:33)当前时间为：20180508
2018-05-08 11:16:28,794 INFO main [com.lzk.tools.ScreenShotTest]info(line:33)当前时间为：20180508
2018-05-08 11:16:28,796 INFO main [com.lzk.tools.ScreenShotTest]info(line:33)new folder successful
2018-05-08 11:16:28,796 INFO main [com.lzk.tools.ScreenShotTest]info(line:33)当前时间为：20180508
2018-05-08 11:16:28,796 INFO main [com.lzk.tools.ScreenShotTest]info(line:33)当前时间为：2018年05月08日 11:16:28
2018-05-08 11:16:28,803 ERROR main [com.lzk.tools.ScreenShotTest]error(line:42)截图失败！！
2018-05-08 11:17:41,371 INFO main [com.lzk.tools.ScreenShotTest]info(line:33)new folder successful
2018-05-08 11:18:59,273 INFO main [com.lzk.tools.ScreenShotTest]info(line:33)new folder successful
2018-05-08 11:18:59,276 INFO main [com.lzk.tools.ScreenShotTest]info(line:33)当前时间为：20180508_111859
2018-05-08 11:21:55,148 INFO main [com.lzk.tools.ScreenShotTest]info(line:33)当前时间为：20180508
2018-05-08 11:21:55,150 INFO main [com.lzk.tools.ScreenShotTest]info(line:33)new folder successful
2018-05-08 11:21:55,150 INFO main [com.lzk.tools.ScreenShotTest]info(line:33)当前时间为：20180508_112155
2018-05-08 13:55:39,931 INFO main [com.lzk.drivers.SeleniumDriver]info(line:33)文本框By.name: wd输入selenium
2018-05-08 13:55:40,002 INFO main [com.lzk.drivers.SeleniumDriver]info(line:33)点击：By.id: su
2018-05-08 13:58:22,984 INFO main [com.lzk.tools.ScreenShotTest]info(line:33)当前时间为：20180508
2018-05-08 13:58:22,986 INFO main [com.lzk.tools.ScreenShotTest]info(line:33)new folder successful
2018-05-08 13:58:22,986 INFO main [com.lzk.tools.ScreenShotTest]info(line:33)当前时间为：20180508_135822
2018-05-08 14:01:18,979 INFO main [com.lzk.tools.ScreenShotTest]info(line:33)当前时间为：20180508
2018-05-08 14:01:18,981 INFO main [com.lzk.tools.ScreenShotTest]info(line:33)当前时间为：20180508_140118
2018-05-08 14:01:45,412 INFO TestNG-test=test-1 [com.lzk.testng.TestResultListener]onTestStart(line:50)test Start
2018-05-08 14:01:48,977 INFO TestNG-test=test-1 [com.lzk.tools.ScreenShotTest]info(line:33)当前时间为：20180508
2018-05-08 14:01:48,978 INFO TestNG-test=test-1 [com.lzk.tools.ScreenShotTest]info(line:33)当前时间为：20180508_140148
2018-05-08 14:01:48,988 INFO TestNG-test=test-1 [com.lzk.testng.TestngRetry]retry(line:30)Retry for [test] on class [com.lzk.tools.ScreenShotTest] Retry 1 times
2018-05-08 14:01:49,225 INFO TestNG-test=test-1 [com.lzk.tools.ScreenShotTest]info(line:33)当前时间为：20180508
2018-05-08 14:01:49,225 INFO TestNG-test=test-1 [com.lzk.tools.ScreenShotTest]info(line:33)当前时间为：20180508_140149
2018-05-08 14:01:49,229 INFO TestNG-test=test-1 [com.lzk.testng.TestResultListener]onTestSkipped(line:38)test Skipped
2018-05-08 14:01:49,229 INFO TestNG-test=test-1 [com.lzk.testng.TestResultListener]onTestStart(line:50)test Start
2018-05-08 14:01:52,242 INFO TestNG-test=test-1 [com.lzk.tools.ScreenShotTest]info(line:33)当前时间为：20180508
2018-05-08 14:01:52,243 INFO TestNG-test=test-1 [com.lzk.tools.ScreenShotTest]info(line:33)当前时间为：20180508_140152
2018-05-08 14:01:52,248 INFO TestNG-test=test-1 [com.lzk.testng.TestngRetry]retry(line:30)Retry for [test] on class [com.lzk.tools.ScreenShotTest] Retry 2 times
2018-05-08 14:01:52,486 INFO TestNG-test=test-1 [com.lzk.tools.ScreenShotTest]info(line:33)当前时间为：20180508
2018-05-08 14:01:52,486 INFO TestNG-test=test-1 [com.lzk.tools.ScreenShotTest]info(line:33)当前时间为：20180508_140152
2018-05-08 14:01:52,490 INFO TestNG-test=test-1 [com.lzk.testng.TestResultListener]onTestSkipped(line:38)test Skipped
2018-05-08 14:01:52,491 INFO TestNG-test=test-1 [com.lzk.testng.TestResultListener]onTestStart(line:50)test Start
2018-05-08 14:01:55,474 INFO TestNG-test=test-1 [com.lzk.tools.ScreenShotTest]info(line:33)当前时间为：20180508
2018-05-08 14:01:55,475 INFO TestNG-test=test-1 [com.lzk.tools.ScreenShotTest]info(line:33)当前时间为：20180508_140155
2018-05-08 14:01:55,716 INFO TestNG-test=test-1 [com.lzk.tools.ScreenShotTest]info(line:33)当前时间为：20180508
2018-05-08 14:01:55,716 INFO TestNG-test=test-1 [com.lzk.tools.ScreenShotTest]info(line:33)当前时间为：20180508_140155
2018-05-08 14:01:55,719 INFO TestNG-test=test-1 [com.lzk.testng.TestResultListener]onTestFailure(line:30)test Failure
2018-05-08 14:01:55,723 INFO main [com.lzk.testng.TestResultListener]onFinish(line:69)skipTest = test
2018-05-08 14:01:55,723 INFO main [com.lzk.testng.TestResultListener]onFinish(line:69)skipTest = test
2018-05-08 14:01:55,723 INFO main [com.lzk.testng.TestResultListener]onFinish(line:83)failedTest = test
2018-05-08 14:01:55,723 INFO main [com.lzk.testng.TestResultListener]onFinish(line:106)Remove repeat Fail Test: test
2018-05-08 14:04:05,356 INFO TestNG-test=test-1 [com.lzk.testng.TestResultListener]onTestStart(line:50)test Start
2018-05-08 14:04:15,038 INFO TestNG-test=test-1 [com.lzk.tools.ScreenShotTest]info(line:33)当前时间为：20180508
2018-05-08 14:04:15,039 INFO TestNG-test=test-1 [com.lzk.tools.ScreenShotTest]info(line:33)new folder successful
2018-05-08 14:04:15,039 INFO TestNG-test=test-1 [com.lzk.tools.ScreenShotTest]info(line:33)当前时间为：20180508_140415
2018-05-08 14:04:15,050 INFO TestNG-test=test-1 [com.lzk.testng.TestngRetry]retry(line:30)Retry for [test] on class [com.lzk.tools.ScreenShotTest] Retry 1 times
2018-05-08 14:04:15,293 INFO TestNG-test=test-1 [com.lzk.tools.ScreenShotTest]info(line:33)当前时间为：20180508
2018-05-08 14:04:15,293 INFO TestNG-test=test-1 [com.lzk.tools.ScreenShotTest]info(line:33)当前时间为：20180508_140415
2018-05-08 14:04:15,297 INFO TestNG-test=test-1 [com.lzk.testng.TestResultListener]onTestSkipped(line:38)test Skipped
2018-05-08 14:04:15,297 INFO TestNG-test=test-1 [com.lzk.testng.TestResultListener]onTestStart(line:50)test Start
2018-05-08 14:04:23,112 INFO TestNG-test=test-1 [com.lzk.tools.ScreenShotTest]info(line:33)当前时间为：20180508
2018-05-08 14:04:23,113 INFO TestNG-test=test-1 [com.lzk.tools.ScreenShotTest]info(line:33)当前时间为：20180508_140423
2018-05-08 14:04:23,118 INFO TestNG-test=test-1 [com.lzk.testng.TestngRetry]retry(line:30)Retry for [test] on class [com.lzk.tools.ScreenShotTest] Retry 2 times
2018-05-08 14:04:23,353 INFO TestNG-test=test-1 [com.lzk.tools.ScreenShotTest]info(line:33)当前时间为：20180508
2018-05-08 14:04:23,353 INFO TestNG-test=test-1 [com.lzk.tools.ScreenShotTest]info(line:33)当前时间为：20180508_140423
2018-05-08 14:04:23,359 INFO TestNG-test=test-1 [com.lzk.testng.TestResultListener]onTestSkipped(line:38)test Skipped
2018-05-08 14:04:23,359 INFO TestNG-test=test-1 [com.lzk.testng.TestResultListener]onTestStart(line:50)test Start
2018-05-08 14:04:26,676 INFO TestNG-test=test-1 [com.lzk.tools.ScreenShotTest]info(line:33)当前时间为：20180508
2018-05-08 14:04:26,676 INFO TestNG-test=test-1 [com.lzk.tools.ScreenShotTest]info(line:33)当前时间为：20180508_140426
2018-05-08 14:04:26,913 INFO TestNG-test=test-1 [com.lzk.tools.ScreenShotTest]info(line:33)当前时间为：20180508
2018-05-08 14:04:26,913 INFO TestNG-test=test-1 [com.lzk.tools.ScreenShotTest]info(line:33)当前时间为：20180508_140426
2018-05-08 14:04:26,917 INFO TestNG-test=test-1 [com.lzk.testng.TestResultListener]onTestFailure(line:30)test Failure
2018-05-08 14:04:26,920 INFO main [com.lzk.testng.TestResultListener]onFinish(line:69)skipTest = test
2018-05-08 14:04:26,920 INFO main [com.lzk.testng.TestResultListener]onFinish(line:69)skipTest = test
2018-05-08 14:04:26,920 INFO main [com.lzk.testng.TestResultListener]onFinish(line:83)failedTest = test
2018-05-08 14:04:26,920 INFO main [com.lzk.testng.TestResultListener]onFinish(line:106)Remove repeat Fail Test: test
2018-05-08 14:09:35,567 INFO TestNG-test=test-1 [com.lzk.testng.TestResultListener]onTestSuccess(line:40)test Success
2018-05-08 14:09:35,571 INFO main [com.lzk.testng.TestResultListener]onFinish(line:58)PassedTests = test
2018-05-08 14:12:01,109 INFO TestNG-test=test-1 [com.lzk.testng.TestResultListener]onTestSuccess(line:40)test Success
2018-05-08 14:12:01,112 INFO main [com.lzk.testng.TestResultListener]onFinish(line:58)PassedTests = test
2018-05-08 14:13:39,403 INFO TestNG-test=test-1 [com.lzk.testng.TestngRetry]retry(line:31)Retry for [findTest] on class [com.lzk.drivers.WebElementUtilsTest] Retry 1 times
2018-05-08 14:13:39,720 INFO TestNG-test=test-1 [com.lzk.drivers.SeleniumDriver]info(line:33)当前时间为：20180508
2018-05-08 14:13:39,721 INFO TestNG-test=test-1 [com.lzk.drivers.SeleniumDriver]info(line:33)new folder successful
2018-05-08 14:13:39,721 INFO TestNG-test=test-1 [com.lzk.drivers.SeleniumDriver]info(line:33)当前时间为：20180508_141339
2018-05-08 14:13:39,733 INFO TestNG-test=test-1 [com.lzk.testng.TestResultListener]onTestSkipped(line:34)findTest Skipped
2018-05-08 14:13:39,733 INFO TestNG-test=test-1 [com.lzk.testng.TestResultListener]onTestStart(line:46)findTest Start
2018-05-08 14:14:12,315 INFO TestNG-test=test-1 [com.lzk.testng.TestngRetry]retry(line:31)Retry for [findTest] on class [com.lzk.drivers.WebElementUtilsTest] Retry 2 times
2018-05-08 14:14:12,587 INFO TestNG-test=test-1 [com.lzk.drivers.SeleniumDriver]info(line:33)当前时间为：20180508
2018-05-08 14:14:12,587 INFO TestNG-test=test-1 [com.lzk.drivers.SeleniumDriver]info(line:33)当前时间为：20180508_141412
2018-05-08 14:14:12,592 INFO TestNG-test=test-1 [com.lzk.testng.TestResultListener]onTestSkipped(line:34)findTest Skipped
2018-05-08 14:14:12,592 INFO TestNG-test=test-1 [com.lzk.testng.TestResultListener]onTestStart(line:46)findTest Start
2018-05-08 14:14:45,505 INFO TestNG-test=test-1 [com.lzk.drivers.SeleniumDriver]info(line:33)当前时间为：20180508
2018-05-08 14:14:45,506 INFO TestNG-test=test-1 [com.lzk.drivers.SeleniumDriver]info(line:33)当前时间为：20180508_141445
2018-05-08 14:14:45,511 INFO TestNG-test=test-1 [com.lzk.testng.TestResultListener]onTestFailure(line:26)findTest Failure
2018-05-08 14:14:45,512 INFO main [com.lzk.testng.TestResultListener]onFinish(line:65)skipTest = findTest
2018-05-08 14:14:45,512 INFO main [com.lzk.testng.TestResultListener]onFinish(line:65)skipTest = findTest
2018-05-08 14:14:45,513 INFO main [com.lzk.testng.TestResultListener]onFinish(line:79)failedTest = findTest
2018-05-08 14:14:45,513 INFO main [com.lzk.testng.TestResultListener]onFinish(line:102)Remove repeat Fail Test: findTest
2018-05-08 14:18:36,453 INFO TestNG-test=test-1 [com.lzk.testng.TestngRetry]retry(line:31)Retry for [findTest] on class [com.lzk.drivers.WebElementUtilsTest] Retry 1 times
2018-05-08 14:18:36,455 INFO TestNG-test=test-1 [com.lzk.testng.TestResultListener]onTestSkipped(line:34)findTest Skipped
2018-05-08 14:18:36,456 INFO TestNG-test=test-1 [com.lzk.testng.TestResultListener]onTestStart(line:46)findTest Start
2018-05-08 14:19:09,095 INFO TestNG-test=test-1 [com.lzk.testng.TestngRetry]retry(line:31)Retry for [findTest] on class [com.lzk.drivers.WebElementUtilsTest] Retry 2 times
2018-05-08 14:19:09,095 INFO TestNG-test=test-1 [com.lzk.testng.TestResultListener]onTestSkipped(line:34)findTest Skipped
2018-05-08 14:19:09,096 INFO TestNG-test=test-1 [com.lzk.testng.TestResultListener]onTestStart(line:46)findTest Start
2018-05-08 14:19:41,669 INFO main [com.lzk.testng.TestResultListener]onFinish(line:65)skipTest = findTest
2018-05-08 14:19:41,669 INFO main [com.lzk.testng.TestResultListener]onFinish(line:65)skipTest = findTest
2018-05-08 14:20:19,427 INFO TestNG-test=test-1 [com.lzk.testng.TestngRetry]retry(line:31)Retry for [findTest] on class [com.lzk.drivers.WebElementUtilsTest] Retry 1 times
2018-05-08 14:20:19,429 INFO TestNG-test=test-1 [com.lzk.testng.TestResultListener]onTestSkipped(line:34)findTest Skipped
2018-05-08 14:20:19,430 INFO TestNG-test=test-1 [com.lzk.testng.TestResultListener]onTestStart(line:46)findTest Start
2018-05-08 14:20:25,012 INFO TestNG-test=test-1 [com.lzk.testng.TestngRetry]retry(line:31)Retry for [findTest] on class [com.lzk.drivers.WebElementUtilsTest] Retry 2 times
2018-05-08 14:20:25,012 INFO TestNG-test=test-1 [com.lzk.testng.TestResultListener]onTestSkipped(line:34)findTest Skipped
2018-05-08 14:20:25,012 INFO TestNG-test=test-1 [com.lzk.testng.TestResultListener]onTestStart(line:46)findTest Start
2018-05-08 14:20:30,924 INFO TestNG-test=test-1 [com.lzk.drivers.SeleniumDriver]info(line:33)当前时间为：20180508
2018-05-08 14:20:30,924 INFO TestNG-test=test-1 [com.lzk.drivers.SeleniumDriver]info(line:33)new folder successful
2018-05-08 14:20:30,924 INFO TestNG-test=test-1 [com.lzk.drivers.SeleniumDriver]info(line:33)当前时间为：20180508_142030
2018-05-08 14:20:30,935 INFO TestNG-test=test-1 [com.lzk.testng.TestResultListener]onTestFailure(line:26)findTest Failure
2018-05-08 14:20:30,936 INFO main [com.lzk.testng.TestResultListener]onFinish(line:65)skipTest = findTest
2018-05-08 14:20:30,936 INFO main [com.lzk.testng.TestResultListener]onFinish(line:65)skipTest = findTest
2018-05-08 14:20:30,937 INFO main [com.lzk.testng.TestResultListener]onFinish(line:79)failedTest = findTest
2018-05-08 14:20:30,937 INFO main [com.lzk.testng.TestResultListener]onFinish(line:102)Remove repeat Fail Test: findTest
2018-05-08 14:23:23,051 INFO main [com.lzk.tools.ScreenShotTest]info(line:33)当前时间为：20180508
2018-05-08 14:23:23,053 INFO main [com.lzk.tools.ScreenShotTest]info(line:33)new folder successful
2018-05-08 14:23:23,053 INFO main [com.lzk.tools.ScreenShotTest]info(line:33)当前时间为：20180508_142323
